<?xml version="1.0" encoding="UTF-8"?>
<!-- Generated by org.testng.reporters.JUnitXMLReporter -->
<testsuite ignored="0" hostname="DESKTOP-N9IAUI1" failures="0" tests="3" name="Default test" time="22.875" errors="0" timestamp="27 Mar 2020 12:19:18 GMT">
  <testcase classname="com.FreeCRM.qa.testcases.LoginPageTestCase" name="LoginTitleTest" time="0.017"/>
  <testcase classname="com.FreeCRM.qa.testcases.LoginPageTestCase" name="crmLogoImageTest" time="0.255"/>
  <testcase classname="com.FreeCRM.qa.testcases.LoginPageTestCase" name="loginTest" time="8.544"/>
</testsuite> <!-- Default test -->
