<?xml version="1.0" encoding="UTF-8"?>
<testng-results ignored="0" total="3" passed="3" failed="0" skipped="0">
  <reporter-output>
  </reporter-output>
  <suite started-at="2020-03-27T12:18:55Z" name="Default suite" finished-at="2020-03-27T12:19:18Z" duration-ms="22875">
    <groups>
    </groups>
    <test started-at="2020-03-27T12:18:55Z" name="Default test" finished-at="2020-03-27T12:19:18Z" duration-ms="22875">
      <class name="com.FreeCRM.qa.testcases.LoginPageTestCase">
        <test-method is-config="true" signature="setExtent()[pri:0, instance:com.FreeCRM.qa.testcases.LoginPageTestCase@957e06]" started-at="2020-03-27T12:18:55Z" name="setExtent" finished-at="2020-03-27T12:18:55Z" duration-ms="308" status="PASS">
          <reporter-output>
          </reporter-output>
        </test-method> <!-- setExtent -->
        <test-method is-config="true" signature="setUp()[pri:0, instance:com.FreeCRM.qa.testcases.LoginPageTestCase@957e06]" started-at="2020-03-27T12:18:56Z" name="setUp" finished-at="2020-03-27T12:19:02Z" duration-ms="6095" status="PASS">
          <reporter-output>
          </reporter-output>
        </test-method> <!-- setUp -->
        <test-method signature="LoginTitleTest()[pri:1, instance:com.FreeCRM.qa.testcases.LoginPageTestCase@957e06]" started-at="2020-03-27T12:19:02Z" name="LoginTitleTest" finished-at="2020-03-27T12:19:02Z" duration-ms="17" status="PASS">
          <reporter-output>
          </reporter-output>
        </test-method> <!-- LoginTitleTest -->
        <test-method is-config="true" signature="tearDown(org.testng.ITestResult)[pri:0, instance:com.FreeCRM.qa.testcases.LoginPageTestCase@957e06]" started-at="2020-03-27T12:19:02Z" name="tearDown" finished-at="2020-03-27T12:19:02Z" duration-ms="27" status="PASS">
          <params>
            <param index="0">
              <value>
                <![CDATA[[TestResult name=LoginTitleTest status=SUCCESS method=LoginPageTestCase.LoginTitleTest()[pri:1, instance:com.FreeCRM.qa.testcases.LoginPageTestCase@957e06] output={null}]]]>
              </value>
            </param>
          </params>
          <reporter-output>
          </reporter-output>
        </test-method> <!-- tearDown -->
        <test-method is-config="true" signature="setUp()[pri:0, instance:com.FreeCRM.qa.testcases.LoginPageTestCase@957e06]" started-at="2020-03-27T12:19:02Z" name="setUp" finished-at="2020-03-27T12:19:05Z" duration-ms="3267" status="PASS">
          <reporter-output>
          </reporter-output>
        </test-method> <!-- setUp -->
        <test-method signature="crmLogoImageTest()[pri:2, instance:com.FreeCRM.qa.testcases.LoginPageTestCase@957e06]" started-at="2020-03-27T12:19:05Z" name="crmLogoImageTest" finished-at="2020-03-27T12:19:05Z" duration-ms="255" status="PASS">
          <reporter-output>
          </reporter-output>
        </test-method> <!-- crmLogoImageTest -->
        <test-method is-config="true" signature="tearDown(org.testng.ITestResult)[pri:0, instance:com.FreeCRM.qa.testcases.LoginPageTestCase@957e06]" started-at="2020-03-27T12:19:05Z" name="tearDown" finished-at="2020-03-27T12:19:05Z" duration-ms="9" status="PASS">
          <params>
            <param index="0">
              <value>
                <![CDATA[[TestResult name=crmLogoImageTest status=SUCCESS method=LoginPageTestCase.crmLogoImageTest()[pri:2, instance:com.FreeCRM.qa.testcases.LoginPageTestCase@957e06] output={null}]]]>
              </value>
            </param>
          </params>
          <reporter-output>
          </reporter-output>
        </test-method> <!-- tearDown -->
        <test-method is-config="true" signature="setUp()[pri:0, instance:com.FreeCRM.qa.testcases.LoginPageTestCase@957e06]" started-at="2020-03-27T12:19:05Z" name="setUp" finished-at="2020-03-27T12:19:09Z" duration-ms="3918" status="PASS">
          <reporter-output>
          </reporter-output>
        </test-method> <!-- setUp -->
        <test-method signature="loginTest()[pri:3, instance:com.FreeCRM.qa.testcases.LoginPageTestCase@957e06]" started-at="2020-03-27T12:19:09Z" name="loginTest" finished-at="2020-03-27T12:19:18Z" duration-ms="8544" status="PASS">
          <reporter-output>
          </reporter-output>
        </test-method> <!-- loginTest -->
        <test-method is-config="true" signature="tearDown(org.testng.ITestResult)[pri:0, instance:com.FreeCRM.qa.testcases.LoginPageTestCase@957e06]" started-at="2020-03-27T12:19:18Z" name="tearDown" finished-at="2020-03-27T12:19:18Z" duration-ms="43" status="PASS">
          <params>
            <param index="0">
              <value>
                <![CDATA[[TestResult name=loginTest status=SUCCESS method=LoginPageTestCase.loginTest()[pri:3, instance:com.FreeCRM.qa.testcases.LoginPageTestCase@957e06] output={null}]]]>
              </value>
            </param>
          </params>
          <reporter-output>
          </reporter-output>
        </test-method> <!-- tearDown -->
        <test-method is-config="true" signature="setEndReport()[pri:0, instance:com.FreeCRM.qa.testcases.LoginPageTestCase@957e06]" started-at="2020-03-27T12:19:18Z" name="setEndReport" finished-at="2020-03-27T12:19:18Z" duration-ms="348" status="PASS">
          <reporter-output>
          </reporter-output>
        </test-method> <!-- setEndReport -->
      </class> <!-- com.FreeCRM.qa.testcases.LoginPageTestCase -->
    </test> <!-- Default test -->
  </suite> <!-- Default suite -->
</testng-results>
